2025-12-22 23:43:16,275 - INFO - ULTIMATE FACE VERIFICATION v6.2
2025-12-22 23:43:16,276 - INFO - Initializing InsightFace engine
2025-12-22 23:43:19,814 - ERROR - Geometry extraction failed
Traceback (most recent call last):
  File "/home/lazzy/Desktop/Lazzybiointel/verify_v6.py", line 177, in extract
    mesh = Geometry.get_mesh()
           ^^^^^^^^^^^^^^^^^^^
  File "/home/lazzy/Desktop/Lazzybiointel/verify_v6.py", line 153, in get_mesh
    cls._mesh = mp.solutions.face_mesh.FaceMesh(
                ^^^^^^^^^^^^
AttributeError: module 'mediapipe' has no attribute 'solutions'
2025-12-22 23:43:19,818 - ERROR - Geometry extraction failed
Traceback (most recent call last):
  File "/home/lazzy/Desktop/Lazzybiointel/verify_v6.py", line 177, in extract
    mesh = Geometry.get_mesh()
           ^^^^^^^^^^^^^^^^^^^
  File "/home/lazzy/Desktop/Lazzybiointel/verify_v6.py", line 153, in get_mesh
    cls._mesh = mp.solutions.face_mesh.FaceMesh(
                ^^^^^^^^^^^^
AttributeError: module 'mediapipe' has no attribute 'solutions'
2025-12-22 23:53:35,754 - INFO - ULTIMATE FACE VERIFICATION v6.2
2025-12-22 23:53:35,755 - INFO - Initializing InsightFace engine
2025-12-22 23:53:49,449 - ERROR - Geometry extraction failed
Traceback (most recent call last):
  File "/home/lazzy/Desktop/Lazzybiointel/verify_v6.py", line 177, in extract
    mesh = Geometry.get_mesh()
           ^^^^^^^^^^^^^^^^^^^
  File "/home/lazzy/Desktop/Lazzybiointel/verify_v6.py", line 153, in get_mesh
    cls._mesh = mp.solutions.face_mesh.FaceMesh(
                ^^^^^^^^^^^^
AttributeError: module 'mediapipe' has no attribute 'solutions'
2025-12-22 23:53:49,451 - ERROR - Geometry extraction failed
Traceback (most recent call last):
  File "/home/lazzy/Desktop/Lazzybiointel/verify_v6.py", line 177, in extract
    mesh = Geometry.get_mesh()
           ^^^^^^^^^^^^^^^^^^^
  File "/home/lazzy/Desktop/Lazzybiointel/verify_v6.py", line 153, in get_mesh
    cls._mesh = mp.solutions.face_mesh.FaceMesh(
                ^^^^^^^^^^^^
AttributeError: module 'mediapipe' has no attribute 'solutions'
2025-12-22 23:57:12,418 - INFO - ULTIMATE FACE VERIFICATION v6.2
2025-12-22 23:57:12,419 - INFO - Initializing InsightFace engine
2025-12-22 23:57:15,799 - ERROR - Geometry extraction failed
Traceback (most recent call last):
  File "/home/lazzy/Desktop/Lazzybiointel/verify_v6.py", line 177, in extract
    mesh = Geometry.get_mesh()
           ^^^^^^^^^^^^^^^^^^^
  File "/home/lazzy/Desktop/Lazzybiointel/verify_v6.py", line 153, in get_mesh
    cls._mesh = mp.solutions.face_mesh.FaceMesh(
                ^^^^^^^^^^^^
AttributeError: module 'mediapipe' has no attribute 'solutions'
2025-12-22 23:57:15,819 - ERROR - Geometry extraction failed
Traceback (most recent call last):
  File "/home/lazzy/Desktop/Lazzybiointel/verify_v6.py", line 177, in extract
    mesh = Geometry.get_mesh()
           ^^^^^^^^^^^^^^^^^^^
  File "/home/lazzy/Desktop/Lazzybiointel/verify_v6.py", line 153, in get_mesh
    cls._mesh = mp.solutions.face_mesh.FaceMesh(
                ^^^^^^^^^^^^
AttributeError: module 'mediapipe' has no attribute 'solutions'
2025-12-22 23:57:52,482 - INFO - ULTIMATE FACE VERIFICATION v6.2
2025-12-22 23:57:52,483 - INFO - Initializing InsightFace engine
2025-12-22 23:57:55,587 - ERROR - Geometry extraction failed
Traceback (most recent call last):
  File "/home/lazzy/Desktop/Lazzybiointel/verify_v6.py", line 177, in extract
    mesh = Geometry.get_mesh()
           ^^^^^^^^^^^^^^^^^^^
  File "/home/lazzy/Desktop/Lazzybiointel/verify_v6.py", line 153, in get_mesh
    cls._mesh = mp.solutions.face_mesh.FaceMesh(
                ^^^^^^^^^^^^
AttributeError: module 'mediapipe' has no attribute 'solutions'
2025-12-22 23:57:55,604 - ERROR - Geometry extraction failed
Traceback (most recent call last):
  File "/home/lazzy/Desktop/Lazzybiointel/verify_v6.py", line 177, in extract
    mesh = Geometry.get_mesh()
           ^^^^^^^^^^^^^^^^^^^
  File "/home/lazzy/Desktop/Lazzybiointel/verify_v6.py", line 153, in get_mesh
    cls._mesh = mp.solutions.face_mesh.FaceMesh(
                ^^^^^^^^^^^^
AttributeError: module 'mediapipe' has no attribute 'solutions'
2025-12-22 23:58:10,335 - INFO - ULTIMATE FACE VERIFICATION v6.2
2025-12-22 23:58:10,336 - INFO - Initializing InsightFace engine
2025-12-22 23:58:13,386 - ERROR - Geometry extraction failed
Traceback (most recent call last):
  File "/home/lazzy/Desktop/Lazzybiointel/verify_v6.py", line 177, in extract
    mesh = Geometry.get_mesh()
           ^^^^^^^^^^^^^^^^^^^
  File "/home/lazzy/Desktop/Lazzybiointel/verify_v6.py", line 153, in get_mesh
    cls._mesh = mp.solutions.face_mesh.FaceMesh(
                ^^^^^^^^^^^^
AttributeError: module 'mediapipe' has no attribute 'solutions'
2025-12-22 23:58:13,402 - ERROR - Geometry extraction failed
Traceback (most recent call last):
  File "/home/lazzy/Desktop/Lazzybiointel/verify_v6.py", line 177, in extract
    mesh = Geometry.get_mesh()
           ^^^^^^^^^^^^^^^^^^^
  File "/home/lazzy/Desktop/Lazzybiointel/verify_v6.py", line 153, in get_mesh
    cls._mesh = mp.solutions.face_mesh.FaceMesh(
                ^^^^^^^^^^^^
AttributeError: module 'mediapipe' has no attribute 'solutions'
